<?xml version="1.0" encoding="UTF-8"?>
<!-- Generated by org.testng.reporters.JUnitXMLReporter -->
<testsuite ignored="0" hostname="DESKTOP-GMDKN95" failures="0" tests="2" name="UI Automation - Chrome" time="60.413" errors="0" timestamp="18 May 2021 17:32:46 GMT">
  <testcase classname="io.cucumber.testng.AbstractTestNGCucumberTests" name="runScenario" time="39.901"/>
  <testcase classname="io.cucumber.testng.AbstractTestNGCucumberTests" name="runScenario" time="20.06"/>
</testsuite> <!-- UI Automation - Chrome -->
