<?xml version="1.0" encoding="UTF-8"?>
<testng-results ignored="0" total="0" passed="0" failed="0" skipped="0">
  <reporter-output>
  </reporter-output>
  <suite started-at="2021-05-18T19:24:38Z" name="RegressionTest" finished-at="2021-05-18T19:24:38Z" duration-ms="286">
    <groups>
      <group name="cucumber">
        <method signature="AbstractTestNGCucumberTests.runScenario(io.cucumber.testng.PickleWrapper, io.cucumber.testng.FeatureWrapper)[pri:0, instance:com.uiautomation.framework.runner.Runner@6ff29830]" name="runScenario" class="io.cucumber.testng.AbstractTestNGCucumberTests"/>
      </group> <!-- cucumber -->
    </groups>
    <test started-at="2021-05-18T19:24:38Z" name="UI Automation - Chrome" finished-at="2021-05-18T19:24:38Z" duration-ms="286">
      <class name="com.uiautomation.framework.runner.Runner">
        <test-method is-config="true" signature="beforeTest()[pri:0, instance:com.uiautomation.framework.runner.Runner@6ff29830]" started-at="2021-05-18T19:24:38Z" name="beforeTest" finished-at="2021-05-18T19:24:38Z" duration-ms="8" status="PASS">
          <reporter-output>
          </reporter-output>
        </test-method> <!-- beforeTest -->
        <test-method is-config="true" signature="setUpClass()[pri:0, instance:com.uiautomation.framework.runner.Runner@6ff29830]" started-at="2021-05-18T19:24:38Z" name="setUpClass" finished-at="2021-05-18T19:24:38Z" duration-ms="156" status="PASS">
          <reporter-output>
          </reporter-output>
        </test-method> <!-- setUpClass -->
        <test-method is-config="true" signature="tearDownClass()[pri:0, instance:com.uiautomation.framework.runner.Runner@6ff29830]" started-at="2021-05-18T19:24:38Z" name="tearDownClass" finished-at="2021-05-18T19:24:38Z" duration-ms="8" status="PASS">
          <reporter-output>
          </reporter-output>
        </test-method> <!-- tearDownClass -->
        <test-method is-config="true" signature="afterSuit()[pri:0, instance:com.uiautomation.framework.runner.Runner@6ff29830]" started-at="2021-05-18T19:24:38Z" name="afterSuit" finished-at="2021-05-18T19:24:39Z" duration-ms="1070" status="PASS">
          <reporter-output>
          </reporter-output>
        </test-method> <!-- afterSuit -->
      </class> <!-- com.uiautomation.framework.runner.Runner -->
    </test> <!-- UI Automation - Chrome -->
  </suite> <!-- RegressionTest -->
</testng-results>
